Arguments: 
  /usr/local/Cellar/node/13.3.0/bin/node /usr/local/Cellar/yarn/1.21.1/libexec/bin/yarn.js init agencyspotternode

PATH: 
  /Users/clarkjohnson/.rvm/gems/ruby-2.6.1/bin:/Users/clarkjohnson/.rvm/gems/ruby-2.6.1@global/bin:/Users/clarkjohnson/.rvm/rubies/ruby-2.6.1/bin:/Applications/Postgres.app/Contents/Versions/latest/bin:/usr/local:/usr/local/bin:/usr/local/sbin:/usr/bin:/usr/local/bin:/usr/bin:/bin:/usr/sbin:/sbin:/Applications/Postgres.app/Contents/Versions/latest/bin:/Users/clarkjohnson/Library/Android/sdk/emulator:/Users/clarkjohnson/Library/Android/sdk/tools:/Users/clarkjohnson/Library/Android/sdk/tools/bin:/Users/clarkjohnson/Library/Android/sdk/platform-tools:/Users/clarkjohnson/.rvm/bin

Yarn version: 
  1.21.1

Node version: 
  13.3.0

Platform: 
  darwin x64

Trace: 
  Error: canceled
      at Interface.<anonymous> (/usr/local/Cellar/yarn/1.21.1/libexec/lib/cli.js:136925:13)
      at Interface.emit (events.js:219:5)
      at Interface._ttyWrite (readline.js:894:16)
      at ReadStream.onkeypress (readline.js:200:10)
      at ReadStream.emit (events.js:219:5)
      at emitKeys (internal/readline/utils.js:438:14)
      at emitKeys.next (<anonymous>)
      at ReadStream.onData (readline.js:1160:36)
      at ReadStream.emit (events.js:219:5)
      at addChunk (_stream_readable.js:332:12)

npm manifest: 
  No manifest

yarn manifest: 
  No manifest

Lockfile: 
  No lockfile
